<?xml version="1.0" encoding="UTF-8"?>
<testng-results ignored="0" total="1" passed="0" failed="1" skipped="0">
  <reporter-output>
  </reporter-output>
  <suite started-at="2022-12-01T11:37:17 AST" name="Default suite" finished-at="2022-12-01T11:37:42 AST" duration-ms="24797">
    <groups>
    </groups>
    <test started-at="2022-12-01T11:37:17 AST" name="Default test" finished-at="2022-12-01T11:37:42 AST" duration-ms="24797">
      <class name="com.opensooq.search.SearchCar">
        <test-method is-config="true" signature="LoginToWebSite()[pri:0, instance:com.opensooq.search.SearchCar@4135c3b]" started-at="2022-12-01T11:37:17 AST" name="LoginToWebSite" finished-at="2022-12-01T11:37:33 AST" duration-ms="15296" status="PASS">
          <reporter-output>
          </reporter-output>
        </test-method> <!-- LoginToWebSite -->
        <test-method signature="serachForExactCar()[pri:0, instance:com.opensooq.search.SearchCar@4135c3b]" started-at="2022-12-01T11:37:33 AST" name="serachForExactCar" finished-at="2022-12-01T11:37:42 AST" duration-ms="9435" status="FAIL">
          <exception class="java.lang.AssertionError">
            <message>
              <![CDATA[The following asserts failed:
expected [Kia Picanto 2017 in Amman] but found [Kia Niro 2017 in Amman],
expected [Kia Picanto 2017 in Amman] but found [Kia Pride 2017 in Amman],
expected [Kia Picanto 2017 in Amman] but found [Kia Forte 2010 in Irbid],
expected [Kia Picanto 2017 in Amman] but found [Kia Cerato 2017 in Amman],
expected [Kia Picanto 2017 in Amman] but found [Kia Picanto 2015 in Amman],
expected [Kia Picanto 2017 in Amman] but found [Kia Niro 2020 in Amman],
expected [Kia Picanto 2017 in Amman] but found [Kia Morning 2018 in Amman],
expected [Kia Picanto 2017 in Amman] but found [Kia Morning 2020 in Amman],
expected [Kia Picanto 2017 in Amman] but found [Kia Niro 2019 in Amman],
expected [Kia Picanto 2017 in Amman] but found [Kia Optima K5 2018 in Amman],
expected [Kia Picanto 2017 in Amman] but found [Kia Morning 2018 in Amman],
expected [Kia Picanto 2017 in Amman] but found [Kia Niro 2020 in Amman],
expected [Kia Picanto 2017 in Amman] but found [Kia Niro 2019 in Amman],
expected [Kia Picanto 2017 in Amman] but found [Kia Optima 2017 in Zarqa],
expected [Kia Picanto 2017 in Amman] but found [Kia Niro 2018 in Zarqa],
expected [Kia Picanto 2017 in Amman] but found [Kia Morning 2017 in Amman],
expected [Kia Picanto 2017 in Amman] but found [Kia Picanto 2018 in Amman],
expected [Kia Picanto 2017 in Amman] but found [Kia K3 2019 in Amman],
expected [Kia Picanto 2017 in Amman] but found [Kia K3 2019 in Zarqa],
expected [Kia Picanto 2017 in Amman] but found [Kia K3 2019 in Amman],
expected [Kia Picanto 2017 in Amman] but found [Kia K3 2022 in Zarqa],
expected [Kia Picanto 2017 in Amman] but found [Kia K3 2018 in Zarqa],
expected [Kia Picanto 2017 in Amman] but found [Kia Picanto 2018 in Amman],
expected [Kia Picanto 2017 in Amman] but found [Kia Niro 2017 in Amman],
expected [Kia Picanto 2017 in Amman] but found [Kia Optima 2017 in Zarqa],
expected [Kia Picanto 2017 in Amman] but found [Kia Niro 2017 in Amman],
expected [Kia Picanto 2017 in Amman] but found [Kia Niro 2017 in Amman]]]>
            </message>
            <full-stacktrace>
              <![CDATA[java.lang.AssertionError: The following asserts failed:
expected [Kia Picanto 2017 in Amman] but found [Kia Niro 2017 in Amman],
expected [Kia Picanto 2017 in Amman] but found [Kia Pride 2017 in Amman],
expected [Kia Picanto 2017 in Amman] but found [Kia Forte 2010 in Irbid],
expected [Kia Picanto 2017 in Amman] but found [Kia Cerato 2017 in Amman],
expected [Kia Picanto 2017 in Amman] but found [Kia Picanto 2015 in Amman],
expected [Kia Picanto 2017 in Amman] but found [Kia Niro 2020 in Amman],
expected [Kia Picanto 2017 in Amman] but found [Kia Morning 2018 in Amman],
expected [Kia Picanto 2017 in Amman] but found [Kia Morning 2020 in Amman],
expected [Kia Picanto 2017 in Amman] but found [Kia Niro 2019 in Amman],
expected [Kia Picanto 2017 in Amman] but found [Kia Optima K5 2018 in Amman],
expected [Kia Picanto 2017 in Amman] but found [Kia Morning 2018 in Amman],
expected [Kia Picanto 2017 in Amman] but found [Kia Niro 2020 in Amman],
expected [Kia Picanto 2017 in Amman] but found [Kia Niro 2019 in Amman],
expected [Kia Picanto 2017 in Amman] but found [Kia Optima 2017 in Zarqa],
expected [Kia Picanto 2017 in Amman] but found [Kia Niro 2018 in Zarqa],
expected [Kia Picanto 2017 in Amman] but found [Kia Morning 2017 in Amman],
expected [Kia Picanto 2017 in Amman] but found [Kia Picanto 2018 in Amman],
expected [Kia Picanto 2017 in Amman] but found [Kia K3 2019 in Amman],
expected [Kia Picanto 2017 in Amman] but found [Kia K3 2019 in Zarqa],
expected [Kia Picanto 2017 in Amman] but found [Kia K3 2019 in Amman],
expected [Kia Picanto 2017 in Amman] but found [Kia K3 2022 in Zarqa],
expected [Kia Picanto 2017 in Amman] but found [Kia K3 2018 in Zarqa],
expected [Kia Picanto 2017 in Amman] but found [Kia Picanto 2018 in Amman],
expected [Kia Picanto 2017 in Amman] but found [Kia Niro 2017 in Amman],
expected [Kia Picanto 2017 in Amman] but found [Kia Optima 2017 in Zarqa],
expected [Kia Picanto 2017 in Amman] but found [Kia Niro 2017 in Amman],
expected [Kia Picanto 2017 in Amman] but found [Kia Niro 2017 in Amman]
at org.testng.asserts.SoftAssert.assertAll(SoftAssert.java:46)
at org.testng.asserts.SoftAssert.assertAll(SoftAssert.java:30)
at com.opensooq.search.SearchCar.serachForExactCar(SearchCar.java:71)
at java.base/jdk.internal.reflect.DirectMethodHandleAccessor.invoke(DirectMethodHandleAccessor.java:104)
at java.base/java.lang.reflect.Method.invoke(Method.java:578)
at org.testng.internal.invokers.MethodInvocationHelper.invokeMethod(MethodInvocationHelper.java:139)
at org.testng.internal.invokers.TestInvoker.invokeMethod(TestInvoker.java:677)
at org.testng.internal.invokers.TestInvoker.invokeTestMethod(TestInvoker.java:221)
at org.testng.internal.invokers.MethodRunner.runInSequence(MethodRunner.java:50)
at org.testng.internal.invokers.TestInvoker$MethodInvocationAgent.invoke(TestInvoker.java:962)
at org.testng.internal.invokers.TestInvoker.invokeTestMethods(TestInvoker.java:194)
at org.testng.internal.invokers.TestMethodWorker.invokeTestMethods(TestMethodWorker.java:148)
at org.testng.internal.invokers.TestMethodWorker.run(TestMethodWorker.java:128)
at java.base/java.util.ArrayList.forEach(ArrayList.java:1511)
at org.testng.TestRunner.privateRun(TestRunner.java:806)
at org.testng.TestRunner.run(TestRunner.java:601)
at org.testng.SuiteRunner.runTest(SuiteRunner.java:433)
at org.testng.SuiteRunner.runSequentially(SuiteRunner.java:427)
at org.testng.SuiteRunner.privateRun(SuiteRunner.java:387)
at org.testng.SuiteRunner.run(SuiteRunner.java:330)
at org.testng.SuiteRunnerWorker.runSuite(SuiteRunnerWorker.java:52)
at org.testng.SuiteRunnerWorker.run(SuiteRunnerWorker.java:95)
at org.testng.TestNG.runSuitesSequentially(TestNG.java:1256)
at org.testng.TestNG.runSuitesLocally(TestNG.java:1176)
at org.testng.TestNG.runSuites(TestNG.java:1099)
at org.testng.TestNG.run(TestNG.java:1067)
at org.testng.remote.AbstractRemoteTestNG.run(AbstractRemoteTestNG.java:115)
at org.testng.remote.RemoteTestNG.initAndRun(RemoteTestNG.java:251)
at org.testng.remote.RemoteTestNG.main(RemoteTestNG.java:77)
]]>
            </full-stacktrace>
          </exception> <!-- java.lang.AssertionError -->
          <reporter-output>
          </reporter-output>
        </test-method> <!-- serachForExactCar -->
      </class> <!-- com.opensooq.search.SearchCar -->
    </test> <!-- Default test -->
  </suite> <!-- Default suite -->
</testng-results>
